Determining if the pthread_create exist failed with the following output:
Change Dir: /home/mike/python_test/build/CMakeFiles/CMakeTmp

Run Build Command:"/usr/bin/make" "cmTC_b090f/fast"
/usr/bin/make -f CMakeFiles/cmTC_b090f.dir/build.make CMakeFiles/cmTC_b090f.dir/build
make[1]: Entering directory '/home/mike/python_test/build/CMakeFiles/CMakeTmp'
Building C object CMakeFiles/cmTC_b090f.dir/CheckSymbolExists.c.o
/usr/bin/cc    -o CMakeFiles/cmTC_b090f.dir/CheckSymbolExists.c.o   -c /home/mike/python_test/build/CMakeFiles/CMakeTmp/CheckSymbolExists.c
Linking C executable cmTC_b090f
/usr/bin/cmake -E cmake_link_script CMakeFiles/cmTC_b090f.dir/link.txt --verbose=1
/usr/bin/cc      -rdynamic CMakeFiles/cmTC_b090f.dir/CheckSymbolExists.c.o  -o cmTC_b090f 
CMakeFiles/cmTC_b090f.dir/CheckSymbolExists.c.o: In function `main':
CheckSymbolExists.c:(.text+0x1b): undefined reference to `pthread_create'
collect2: error: ld returned 1 exit status
CMakeFiles/cmTC_b090f.dir/build.make:97: recipe for target 'cmTC_b090f' failed
make[1]: *** [cmTC_b090f] Error 1
make[1]: Leaving directory '/home/mike/python_test/build/CMakeFiles/CMakeTmp'
Makefile:126: recipe for target 'cmTC_b090f/fast' failed
make: *** [cmTC_b090f/fast] Error 2

File /home/mike/python_test/build/CMakeFiles/CMakeTmp/CheckSymbolExists.c:
/* */
#include <pthread.h>

int main(int argc, char** argv)
{
  (void)argv;
#ifndef pthread_create
  return ((int*)(&pthread_create))[argc];
#else
  (void)argc;
  return 0;
#endif
}

Determining if the function pthread_create exists in the pthreads failed with the following output:
Change Dir: /home/mike/python_test/build/CMakeFiles/CMakeTmp

Run Build Command:"/usr/bin/make" "cmTC_59456/fast"
/usr/bin/make -f CMakeFiles/cmTC_59456.dir/build.make CMakeFiles/cmTC_59456.dir/build
make[1]: Entering directory '/home/mike/python_test/build/CMakeFiles/CMakeTmp'
Building C object CMakeFiles/cmTC_59456.dir/CheckFunctionExists.c.o
/usr/bin/cc   -DCHECK_FUNCTION_EXISTS=pthread_create   -o CMakeFiles/cmTC_59456.dir/CheckFunctionExists.c.o   -c /usr/share/cmake-3.10/Modules/CheckFunctionExists.c
Linking C executable cmTC_59456
/usr/bin/cmake -E cmake_link_script CMakeFiles/cmTC_59456.dir/link.txt --verbose=1
/usr/bin/cc  -DCHECK_FUNCTION_EXISTS=pthread_create    -rdynamic CMakeFiles/cmTC_59456.dir/CheckFunctionExists.c.o  -o cmTC_59456 -lpthreads 
/usr/bin/ld: cannot find -lpthreads
collect2: error: ld returned 1 exit status
CMakeFiles/cmTC_59456.dir/build.make:97: recipe for target 'cmTC_59456' failed
make[1]: *** [cmTC_59456] Error 1
make[1]: Leaving directory '/home/mike/python_test/build/CMakeFiles/CMakeTmp'
Makefile:126: recipe for target 'cmTC_59456/fast' failed
make: *** [cmTC_59456/fast] Error 2


